2024-06-25 22:06:296 INFO  HomePage :58 - Mouse hover on desktops Tab and click [[ChromeDriver: chrome on windows (4631c109d1d0dd73c948e54d9dbdfb8e)] -> link text: Desktops]
2024-06-25 22:06:552 INFO  HomePage :53 - Click Show AllDesktops from homepage Top menu  [[[ChromeDriver: chrome on windows (4631c109d1d0dd73c948e54d9dbdfb8e)] -> xpath: //nav[@id='menu']//ul/li[contains(@class, 'open')]/div/child::*], [[ChromeDriver: chrome on windows (4631c109d1d0dd73c948e54d9dbdfb8e)] -> xpath: //nav[@id='menu']//ul/li[contains(@class, 'open')]/div/child::*]]
2024-06-25 22:06:171 INFO  DesktopPage :62 - Select option product sorted by Name (Z - A)from sort by options [[ChromeDriver: chrome on windows (4631c109d1d0dd73c948e54d9dbdfb8e)] -> id: input-sort]
2024-06-25 22:06:446 INFO  HomePage :64 - Mouse hover on laptop And Notebook Tab and click [[ChromeDriver: chrome on windows (8204165582c22e5a3ae050eb5a5f3318)] -> link text: Laptops & Notebooks]
2024-06-25 22:06:902 INFO  HomePage :53 - Click Show AllLaptops & Notebooks from homepage Top menu  [[[ChromeDriver: chrome on windows (8204165582c22e5a3ae050eb5a5f3318)] -> xpath: //nav[@id='menu']//ul/li[contains(@class, 'open')]/div/child::*], [[ChromeDriver: chrome on windows (8204165582c22e5a3ae050eb5a5f3318)] -> xpath: //nav[@id='menu']//ul/li[contains(@class, 'open')]/div/child::*]]
2024-06-25 22:06:537 INFO  DesktopPage :62 - Select option product sorted by Price (High > Low)from sort by options [[ChromeDriver: chrome on windows (8204165582c22e5a3ae050eb5a5f3318)] -> id: input-sort]
2024-06-25 22:06:709 INFO  LaptopsAndNotebooksPage :46 - Verify Product sorted  price High to low [[[ChromeDriver: chrome on windows (8204165582c22e5a3ae050eb5a5f3318)] -> xpath: //p[@class ='price']], [[ChromeDriver: chrome on windows (8204165582c22e5a3ae050eb5a5f3318)] -> xpath: //p[@class ='price']], [[ChromeDriver: chrome on windows (8204165582c22e5a3ae050eb5a5f3318)] -> xpath: //p[@class ='price']], [[ChromeDriver: chrome on windows (8204165582c22e5a3ae050eb5a5f3318)] -> xpath: //p[@class ='price']], [[ChromeDriver: chrome on windows (8204165582c22e5a3ae050eb5a5f3318)] -> xpath: //p[@class ='price']]]
2024-06-25 22:06:843 INFO  LaptopsAndNotebooksPage :46 - Verify Product sorted  price High to low [[[ChromeDriver: chrome on windows (8204165582c22e5a3ae050eb5a5f3318)] -> xpath: //p[@class ='price']], [[ChromeDriver: chrome on windows (8204165582c22e5a3ae050eb5a5f3318)] -> xpath: //p[@class ='price']], [[ChromeDriver: chrome on windows (8204165582c22e5a3ae050eb5a5f3318)] -> xpath: //p[@class ='price']], [[ChromeDriver: chrome on windows (8204165582c22e5a3ae050eb5a5f3318)] -> xpath: //p[@class ='price']], [[ChromeDriver: chrome on windows (8204165582c22e5a3ae050eb5a5f3318)] -> xpath: //p[@class ='price']]]
2024-06-25 22:06:502 INFO  HomePage :96 - Select Register from myAccount drop down list [[[ChromeDriver: chrome on windows (c13fc708956bb4c863a3c544d5dc76ea)] -> xpath: //ul[@class='dropdown-menu dropdown-menu-right']/li], [[ChromeDriver: chrome on windows (c13fc708956bb4c863a3c544d5dc76ea)] -> xpath: //ul[@class='dropdown-menu dropdown-menu-right']/li]]
2024-06-25 22:06:541 INFO  RegisterPage :54 - Verify the text “Register Account”. [[ChromeDriver: chrome on windows (c13fc708956bb4c863a3c544d5dc76ea)] -> xpath: //h1[contains(text(),'Register Account')]]
2024-06-25 22:06:976 INFO  HomePage :58 - Mouse hover on desktops Tab and click [[ChromeDriver: chrome on windows (e16b9da0773273e9303301bc8a922d1b)] -> link text: Desktops]
2024-06-25 22:06:118 INFO  HomePage :53 - Click Show AllDesktops from homepage Top menu  [[[ChromeDriver: chrome on windows (e16b9da0773273e9303301bc8a922d1b)] -> xpath: //nav[@id='menu']//ul/li[contains(@class, 'open')]/div/child::*], [[ChromeDriver: chrome on windows (e16b9da0773273e9303301bc8a922d1b)] -> xpath: //nav[@id='menu']//ul/li[contains(@class, 'open')]/div/child::*]]
2024-06-25 22:06:148 INFO  DesktopPage :32 - Verify the text ‘Desktops’[[ChromeDriver: chrome on windows (e16b9da0773273e9303301bc8a922d1b)] -> xpath: //h2[contains(text(),'Desktops')]]
2024-06-25 22:06:06 INFO  HomePage :58 - Mouse hover on desktops Tab and click [[ChromeDriver: chrome on windows (44584c1a650215af86a85c9bd9e6f902)] -> link text: Desktops]
2024-06-25 22:06:25 INFO  HomePage :53 - Click Show AllDesktops from homepage Top menu  [[[ChromeDriver: chrome on windows (44584c1a650215af86a85c9bd9e6f902)] -> xpath: //nav[@id='menu']//ul/li[contains(@class, 'open')]/div/child::*], [[ChromeDriver: chrome on windows (44584c1a650215af86a85c9bd9e6f902)] -> xpath: //nav[@id='menu']//ul/li[contains(@class, 'open')]/div/child::*]]
2024-06-25 22:06:682 INFO  DesktopPage :62 - Select option product sorted by Name (Z - A)from sort by options [[ChromeDriver: chrome on windows (44584c1a650215af86a85c9bd9e6f902)] -> id: input-sort]
2024-06-25 22:06:287 INFO  HomePage :77 - Clicking on Currency on top of page [[ChromeDriver: chrome on windows (37e7d7bb7ac9af8a87b88adbdb5ab18f)] -> xpath: //span[normalize-space()='Currency']]
2024-06-25 22:06:206 INFO  HomePage :81 - Clicking on £Pound Sterling on top of page [[ChromeDriver: chrome on windows (37e7d7bb7ac9af8a87b88adbdb5ab18f)] -> xpath: //button[contains(text(),'£Pound Sterling')]]
2024-06-25 22:06:412 INFO  HomePage :58 - Mouse hover on desktops Tab and click [[ChromeDriver: chrome on windows (37e7d7bb7ac9af8a87b88adbdb5ab18f)] -> link text: Desktops]
2024-06-25 22:06:549 INFO  HomePage :53 - Click Show AllDesktops from homepage Top menu  [[[ChromeDriver: chrome on windows (37e7d7bb7ac9af8a87b88adbdb5ab18f)] -> xpath: //nav[@id='menu']//ul/li[contains(@class, 'open')]/div/child::*], [[ChromeDriver: chrome on windows (37e7d7bb7ac9af8a87b88adbdb5ab18f)] -> xpath: //nav[@id='menu']//ul/li[contains(@class, 'open')]/div/child::*]]
2024-06-25 22:06:148 INFO  DesktopPage :62 - Select option product sorted by Name (Z - A)from sort by options [[ChromeDriver: chrome on windows (37e7d7bb7ac9af8a87b88adbdb5ab18f)] -> id: input-sort]
2024-06-25 22:06:654 INFO  DesktopPage :70 - Clicking on HTC Touch HD [[ChromeDriver: chrome on windows (37e7d7bb7ac9af8a87b88adbdb5ab18f)] -> xpath: //h4/a]
2024-06-25 22:06:686 INFO  ProductPage :54 - Verify Product name : [[ChromeDriver: chrome on windows (37e7d7bb7ac9af8a87b88adbdb5ab18f)] -> css selector: div[id='content'] h1]
2024-06-25 22:06:868 INFO  ProductPage :84 - Clicking on Login Button [[ChromeDriver: chrome on windows (37e7d7bb7ac9af8a87b88adbdb5ab18f)] -> xpath: //button[@id='button-cart']]
2024-06-25 22:06:238 INFO  ProductPage :88 - Verify the Message “Success: You have added product to your shopping cart!” [[ChromeDriver: chrome on windows (37e7d7bb7ac9af8a87b88adbdb5ab18f)] -> xpath: //div[@class='alert alert-success alert-dismissible']]
2024-06-25 22:06:923 INFO  ProductPage :100 - Click on link “shopping cart” display into success message [[ChromeDriver: chrome on windows (37e7d7bb7ac9af8a87b88adbdb5ab18f)] -> xpath: //a[contains(text(),'shopping cart')]]
2024-06-25 22:06:947 INFO  ShoppingCartPage :39 -  Verify the text Shopping Cart [[ChromeDriver: chrome on windows (37e7d7bb7ac9af8a87b88adbdb5ab18f)] -> xpath: //h1[contains(text(),'Shopping Cart')]]
2024-06-25 22:06:996 INFO  ShoppingCartPage :44 - Verify the Product name [[ChromeDriver: chrome on windows (37e7d7bb7ac9af8a87b88adbdb5ab18f)] -> xpath: //div[@class = 'table-responsive']/table/tbody/tr/td[2]/a]
2024-06-25 22:06:56 INFO  ShoppingCartPage :49 - Getting model details in shopping cart : [[ChromeDriver: chrome on windows (37e7d7bb7ac9af8a87b88adbdb5ab18f)] -> xpath: //div[@class = 'table-responsive']/table/tbody/tr/td[3]]
2024-06-25 22:06:97 INFO  ShoppingCartPage :54 - Getting total amount in shopping cart : [[ChromeDriver: chrome on windows (37e7d7bb7ac9af8a87b88adbdb5ab18f)] -> xpath: //div[@class = 'table-responsive']/table/tbody/tr/td[6]]
2024-06-25 22:06:468 INFO  HomePage :77 - Clicking on Currency on top of page [[ChromeDriver: chrome on windows (8389833537246663a5b8a7a5b2de6d76)] -> xpath: //span[normalize-space()='Currency']]
2024-06-25 22:06:370 INFO  HomePage :81 - Clicking on £Pound Sterling on top of page [[ChromeDriver: chrome on windows (8389833537246663a5b8a7a5b2de6d76)] -> xpath: //button[contains(text(),'£Pound Sterling')]]
2024-06-25 22:06:614 INFO  HomePage :58 - Mouse hover on desktops Tab and click [[ChromeDriver: chrome on windows (8389833537246663a5b8a7a5b2de6d76)] -> link text: Desktops]
2024-06-25 22:06:866 INFO  HomePage :53 - Click Show AllDesktops from homepage Top menu  [[[ChromeDriver: chrome on windows (8389833537246663a5b8a7a5b2de6d76)] -> xpath: //nav[@id='menu']//ul/li[contains(@class, 'open')]/div/child::*], [[ChromeDriver: chrome on windows (8389833537246663a5b8a7a5b2de6d76)] -> xpath: //nav[@id='menu']//ul/li[contains(@class, 'open')]/div/child::*]]
2024-06-25 22:06:496 INFO  DesktopPage :62 - Select option product sorted by Name (Z - A)from sort by options [[ChromeDriver: chrome on windows (8389833537246663a5b8a7a5b2de6d76)] -> id: input-sort]
2024-06-25 22:06:189 INFO  DesktopPage :70 - Clicking on iPhone [[ChromeDriver: chrome on windows (8389833537246663a5b8a7a5b2de6d76)] -> xpath: //h4/a]
2024-06-25 22:06:233 INFO  ProductPage :54 - Verify Product name : [[ChromeDriver: chrome on windows (8389833537246663a5b8a7a5b2de6d76)] -> css selector: div[id='content'] h1]
2024-06-25 22:06:484 INFO  ProductPage :84 - Clicking on Login Button [[ChromeDriver: chrome on windows (8389833537246663a5b8a7a5b2de6d76)] -> xpath: //button[@id='button-cart']]
2024-06-25 22:06:804 INFO  ProductPage :88 - Verify the Message “Success: You have added product to your shopping cart!” [[ChromeDriver: chrome on windows (8389833537246663a5b8a7a5b2de6d76)] -> xpath: //div[@class='alert alert-success alert-dismissible']]
2024-06-25 22:06:476 INFO  ProductPage :100 - Click on link “shopping cart” display into success message [[ChromeDriver: chrome on windows (8389833537246663a5b8a7a5b2de6d76)] -> xpath: //a[contains(text(),'shopping cart')]]
2024-06-25 22:06:533 INFO  ShoppingCartPage :39 -  Verify the text Shopping Cart [[ChromeDriver: chrome on windows (8389833537246663a5b8a7a5b2de6d76)] -> xpath: //h1[contains(text(),'Shopping Cart')]]
2024-06-25 22:06:558 INFO  ShoppingCartPage :44 - Verify the Product name [[ChromeDriver: chrome on windows (8389833537246663a5b8a7a5b2de6d76)] -> xpath: //div[@class = 'table-responsive']/table/tbody/tr/td[2]/a]
2024-06-25 22:06:592 INFO  ShoppingCartPage :49 - Getting model details in shopping cart : [[ChromeDriver: chrome on windows (8389833537246663a5b8a7a5b2de6d76)] -> xpath: //div[@class = 'table-responsive']/table/tbody/tr/td[3]]
2024-06-25 22:06:617 INFO  ShoppingCartPage :54 - Getting total amount in shopping cart : [[ChromeDriver: chrome on windows (8389833537246663a5b8a7a5b2de6d76)] -> xpath: //div[@class = 'table-responsive']/table/tbody/tr/td[6]]
2024-06-25 22:06:900 INFO  HomePage :77 - Clicking on Currency on top of page [[ChromeDriver: chrome on windows (dcebd1e70314d45dabcb6b447cb6377c)] -> xpath: //span[normalize-space()='Currency']]
2024-06-25 22:06:933 INFO  HomePage :81 - Clicking on £Pound Sterling on top of page [[ChromeDriver: chrome on windows (dcebd1e70314d45dabcb6b447cb6377c)] -> xpath: //button[contains(text(),'£Pound Sterling')]]
2024-06-25 22:06:112 INFO  HomePage :58 - Mouse hover on desktops Tab and click [[ChromeDriver: chrome on windows (dcebd1e70314d45dabcb6b447cb6377c)] -> link text: Desktops]
2024-06-25 22:06:596 INFO  HomePage :53 - Click Show AllDesktops from homepage Top menu  [[[ChromeDriver: chrome on windows (dcebd1e70314d45dabcb6b447cb6377c)] -> xpath: //nav[@id='menu']//ul/li[contains(@class, 'open')]/div/child::*], [[ChromeDriver: chrome on windows (dcebd1e70314d45dabcb6b447cb6377c)] -> xpath: //nav[@id='menu']//ul/li[contains(@class, 'open')]/div/child::*]]
2024-06-25 22:06:308 INFO  DesktopPage :62 - Select option product sorted by Name (Z - A)from sort by options [[ChromeDriver: chrome on windows (dcebd1e70314d45dabcb6b447cb6377c)] -> id: input-sort]
2024-06-25 22:06:245 INFO  DesktopPage :70 - Clicking on iPod Classic [[ChromeDriver: chrome on windows (dcebd1e70314d45dabcb6b447cb6377c)] -> xpath: //h4/a]
2024-06-25 22:06:270 INFO  ProductPage :54 - Verify Product name : [[ChromeDriver: chrome on windows (dcebd1e70314d45dabcb6b447cb6377c)] -> css selector: div[id='content'] h1]
2024-06-25 22:06:470 INFO  ProductPage :84 - Clicking on Login Button [[ChromeDriver: chrome on windows (dcebd1e70314d45dabcb6b447cb6377c)] -> xpath: //button[@id='button-cart']]
2024-06-25 22:06:891 INFO  ProductPage :88 - Verify the Message “Success: You have added product to your shopping cart!” [[ChromeDriver: chrome on windows (dcebd1e70314d45dabcb6b447cb6377c)] -> xpath: //div[@class='alert alert-success alert-dismissible']]
2024-06-25 22:06:631 INFO  ProductPage :100 - Click on link “shopping cart” display into success message [[ChromeDriver: chrome on windows (dcebd1e70314d45dabcb6b447cb6377c)] -> xpath: //a[contains(text(),'shopping cart')]]
2024-06-25 22:06:672 INFO  ShoppingCartPage :39 -  Verify the text Shopping Cart [[ChromeDriver: chrome on windows (dcebd1e70314d45dabcb6b447cb6377c)] -> xpath: //h1[contains(text(),'Shopping Cart')]]
2024-06-25 22:06:728 INFO  ShoppingCartPage :44 - Verify the Product name [[ChromeDriver: chrome on windows (dcebd1e70314d45dabcb6b447cb6377c)] -> xpath: //div[@class = 'table-responsive']/table/tbody/tr/td[2]/a]
2024-06-25 22:06:786 INFO  ShoppingCartPage :49 - Getting model details in shopping cart : [[ChromeDriver: chrome on windows (dcebd1e70314d45dabcb6b447cb6377c)] -> xpath: //div[@class = 'table-responsive']/table/tbody/tr/td[3]]
2024-06-25 22:06:827 INFO  ShoppingCartPage :54 - Getting total amount in shopping cart : [[ChromeDriver: chrome on windows (dcebd1e70314d45dabcb6b447cb6377c)] -> xpath: //div[@class = 'table-responsive']/table/tbody/tr/td[6]]
2024-06-25 22:06:912 INFO  HomePage :77 - Clicking on Currency on top of page [[ChromeDriver: chrome on windows (b4737f867d42b05d337c0479a754e061)] -> xpath: //span[normalize-space()='Currency']]
2024-06-25 22:06:666 INFO  HomePage :81 - Clicking on £Pound Sterling on top of page [[ChromeDriver: chrome on windows (b4737f867d42b05d337c0479a754e061)] -> xpath: //button[contains(text(),'£Pound Sterling')]]
2024-06-25 22:06:855 INFO  HomePage :58 - Mouse hover on desktops Tab and click [[ChromeDriver: chrome on windows (b4737f867d42b05d337c0479a754e061)] -> link text: Desktops]
2024-06-25 22:06:596 INFO  HomePage :53 - Click Show AllDesktops from homepage Top menu  [[[ChromeDriver: chrome on windows (b4737f867d42b05d337c0479a754e061)] -> xpath: //nav[@id='menu']//ul/li[contains(@class, 'open')]/div/child::*], [[ChromeDriver: chrome on windows (b4737f867d42b05d337c0479a754e061)] -> xpath: //nav[@id='menu']//ul/li[contains(@class, 'open')]/div/child::*]]
2024-06-25 22:06:162 INFO  DesktopPage :62 - Select option product sorted by Name (Z - A)from sort by options [[ChromeDriver: chrome on windows (b4737f867d42b05d337c0479a754e061)] -> id: input-sort]
2024-06-25 22:06:385 INFO  DesktopPage :70 - Clicking on MacBook [[ChromeDriver: chrome on windows (b4737f867d42b05d337c0479a754e061)] -> xpath: //h4/a]
2024-06-25 22:06:406 INFO  ProductPage :54 - Verify Product name : [[ChromeDriver: chrome on windows (b4737f867d42b05d337c0479a754e061)] -> css selector: div[id='content'] h1]
2024-06-25 22:06:649 INFO  ProductPage :84 - Clicking on Login Button [[ChromeDriver: chrome on windows (b4737f867d42b05d337c0479a754e061)] -> xpath: //button[@id='button-cart']]
2024-06-25 22:06:940 INFO  ProductPage :88 - Verify the Message “Success: You have added product to your shopping cart!” [[ChromeDriver: chrome on windows (b4737f867d42b05d337c0479a754e061)] -> xpath: //div[@class='alert alert-success alert-dismissible']]
2024-06-25 22:06:526 INFO  ProductPage :100 - Click on link “shopping cart” display into success message [[ChromeDriver: chrome on windows (b4737f867d42b05d337c0479a754e061)] -> xpath: //a[contains(text(),'shopping cart')]]
2024-06-25 22:06:555 INFO  ShoppingCartPage :39 -  Verify the text Shopping Cart [[ChromeDriver: chrome on windows (b4737f867d42b05d337c0479a754e061)] -> xpath: //h1[contains(text(),'Shopping Cart')]]
2024-06-25 22:06:595 INFO  ShoppingCartPage :44 - Verify the Product name [[ChromeDriver: chrome on windows (b4737f867d42b05d337c0479a754e061)] -> xpath: //div[@class = 'table-responsive']/table/tbody/tr/td[2]/a]
2024-06-25 22:06:675 INFO  ShoppingCartPage :49 - Getting model details in shopping cart : [[ChromeDriver: chrome on windows (b4737f867d42b05d337c0479a754e061)] -> xpath: //div[@class = 'table-responsive']/table/tbody/tr/td[3]]
2024-06-25 22:06:705 INFO  ShoppingCartPage :54 - Getting total amount in shopping cart : [[ChromeDriver: chrome on windows (b4737f867d42b05d337c0479a754e061)] -> xpath: //div[@class = 'table-responsive']/table/tbody/tr/td[6]]
2024-06-25 22:06:805 INFO  HomePage :77 - Clicking on Currency on top of page [[ChromeDriver: chrome on windows (b193fac73525f23cd20c0177ae57a3c7)] -> xpath: //span[normalize-space()='Currency']]
2024-06-25 22:06:818 INFO  HomePage :81 - Clicking on £Pound Sterling on top of page [[ChromeDriver: chrome on windows (b193fac73525f23cd20c0177ae57a3c7)] -> xpath: //button[contains(text(),'£Pound Sterling')]]
2024-06-25 22:06:31 INFO  HomePage :58 - Mouse hover on desktops Tab and click [[ChromeDriver: chrome on windows (b193fac73525f23cd20c0177ae57a3c7)] -> link text: Desktops]
2024-06-25 22:06:461 INFO  HomePage :53 - Click Show AllDesktops from homepage Top menu  [[[ChromeDriver: chrome on windows (b193fac73525f23cd20c0177ae57a3c7)] -> xpath: //nav[@id='menu']//ul/li[contains(@class, 'open')]/div/child::*], [[ChromeDriver: chrome on windows (b193fac73525f23cd20c0177ae57a3c7)] -> xpath: //nav[@id='menu']//ul/li[contains(@class, 'open')]/div/child::*]]
2024-06-25 22:06:126 INFO  DesktopPage :62 - Select option product sorted by Name (Z - A)from sort by options [[ChromeDriver: chrome on windows (b193fac73525f23cd20c0177ae57a3c7)] -> id: input-sort]
2024-06-25 22:06:566 INFO  DesktopPage :70 - Clicking on MacBook Air [[ChromeDriver: chrome on windows (b193fac73525f23cd20c0177ae57a3c7)] -> xpath: //h4/a]
2024-06-25 22:06:594 INFO  ProductPage :54 - Verify Product name : [[ChromeDriver: chrome on windows (b193fac73525f23cd20c0177ae57a3c7)] -> css selector: div[id='content'] h1]
2024-06-25 22:06:775 INFO  ProductPage :84 - Clicking on Login Button [[ChromeDriver: chrome on windows (b193fac73525f23cd20c0177ae57a3c7)] -> xpath: //button[@id='button-cart']]
2024-06-25 22:06:277 INFO  ProductPage :88 - Verify the Message “Success: You have added product to your shopping cart!” [[ChromeDriver: chrome on windows (b193fac73525f23cd20c0177ae57a3c7)] -> xpath: //div[@class='alert alert-success alert-dismissible']]
2024-06-25 22:06:80 INFO  ProductPage :100 - Click on link “shopping cart” display into success message [[ChromeDriver: chrome on windows (b193fac73525f23cd20c0177ae57a3c7)] -> xpath: //a[contains(text(),'shopping cart')]]
2024-06-25 22:06:109 INFO  ShoppingCartPage :39 -  Verify the text Shopping Cart [[ChromeDriver: chrome on windows (b193fac73525f23cd20c0177ae57a3c7)] -> xpath: //h1[contains(text(),'Shopping Cart')]]
2024-06-25 22:06:145 INFO  ShoppingCartPage :44 - Verify the Product name [[ChromeDriver: chrome on windows (b193fac73525f23cd20c0177ae57a3c7)] -> xpath: //div[@class = 'table-responsive']/table/tbody/tr/td[2]/a]
2024-06-25 22:06:188 INFO  ShoppingCartPage :49 - Getting model details in shopping cart : [[ChromeDriver: chrome on windows (b193fac73525f23cd20c0177ae57a3c7)] -> xpath: //div[@class = 'table-responsive']/table/tbody/tr/td[3]]
2024-06-25 22:06:221 INFO  ShoppingCartPage :54 - Getting total amount in shopping cart : [[ChromeDriver: chrome on windows (b193fac73525f23cd20c0177ae57a3c7)] -> xpath: //div[@class = 'table-responsive']/table/tbody/tr/td[6]]
2024-06-25 22:06:505 INFO  HomePage :77 - Clicking on Currency on top of page [[ChromeDriver: chrome on windows (7fa92580a06eeb8460eeb1d5df4bf8c8)] -> xpath: //span[normalize-space()='Currency']]
2024-06-25 22:06:420 INFO  HomePage :81 - Clicking on £Pound Sterling on top of page [[ChromeDriver: chrome on windows (7fa92580a06eeb8460eeb1d5df4bf8c8)] -> xpath: //button[contains(text(),'£Pound Sterling')]]
2024-06-25 22:06:619 INFO  HomePage :58 - Mouse hover on desktops Tab and click [[ChromeDriver: chrome on windows (7fa92580a06eeb8460eeb1d5df4bf8c8)] -> link text: Desktops]
2024-06-25 22:06:824 INFO  HomePage :53 - Click Show AllDesktops from homepage Top menu  [[[ChromeDriver: chrome on windows (7fa92580a06eeb8460eeb1d5df4bf8c8)] -> xpath: //nav[@id='menu']//ul/li[contains(@class, 'open')]/div/child::*], [[ChromeDriver: chrome on windows (7fa92580a06eeb8460eeb1d5df4bf8c8)] -> xpath: //nav[@id='menu']//ul/li[contains(@class, 'open')]/div/child::*]]
2024-06-25 22:06:439 INFO  DesktopPage :62 - Select option product sorted by Name (Z - A)from sort by options [[ChromeDriver: chrome on windows (7fa92580a06eeb8460eeb1d5df4bf8c8)] -> id: input-sort]
2024-06-25 22:06:225 INFO  DesktopPage :70 - Clicking on Sony VAIO [[ChromeDriver: chrome on windows (7fa92580a06eeb8460eeb1d5df4bf8c8)] -> xpath: //h4/a]
2024-06-25 22:06:255 INFO  ProductPage :54 - Verify Product name : [[ChromeDriver: chrome on windows (7fa92580a06eeb8460eeb1d5df4bf8c8)] -> css selector: div[id='content'] h1]
2024-06-25 22:06:477 INFO  ProductPage :84 - Clicking on Login Button [[ChromeDriver: chrome on windows (7fa92580a06eeb8460eeb1d5df4bf8c8)] -> xpath: //button[@id='button-cart']]
2024-06-25 22:06:965 INFO  ProductPage :88 - Verify the Message “Success: You have added product to your shopping cart!” [[ChromeDriver: chrome on windows (7fa92580a06eeb8460eeb1d5df4bf8c8)] -> xpath: //div[@class='alert alert-success alert-dismissible']]
2024-06-25 22:06:736 INFO  ProductPage :100 - Click on link “shopping cart” display into success message [[ChromeDriver: chrome on windows (7fa92580a06eeb8460eeb1d5df4bf8c8)] -> xpath: //a[contains(text(),'shopping cart')]]
2024-06-25 22:06:763 INFO  ShoppingCartPage :39 -  Verify the text Shopping Cart [[ChromeDriver: chrome on windows (7fa92580a06eeb8460eeb1d5df4bf8c8)] -> xpath: //h1[contains(text(),'Shopping Cart')]]
2024-06-25 22:06:810 INFO  ShoppingCartPage :44 - Verify the Product name [[ChromeDriver: chrome on windows (7fa92580a06eeb8460eeb1d5df4bf8c8)] -> xpath: //div[@class = 'table-responsive']/table/tbody/tr/td[2]/a]
2024-06-25 22:06:855 INFO  ShoppingCartPage :49 - Getting model details in shopping cart : [[ChromeDriver: chrome on windows (7fa92580a06eeb8460eeb1d5df4bf8c8)] -> xpath: //div[@class = 'table-responsive']/table/tbody/tr/td[3]]
2024-06-25 22:06:905 INFO  ShoppingCartPage :54 - Getting total amount in shopping cart : [[ChromeDriver: chrome on windows (7fa92580a06eeb8460eeb1d5df4bf8c8)] -> xpath: //div[@class = 'table-responsive']/table/tbody/tr/td[6]]
2024-06-25 22:06:733 INFO  HomePage :64 - Mouse hover on laptop And Notebook Tab and click [[ChromeDriver: chrome on windows (d0f534edaf5525b6716a1f2092c5be70)] -> link text: Laptops & Notebooks]
2024-06-25 22:06:545 INFO  HomePage :53 - Click Show AllLaptops & Notebooks from homepage Top menu  [[[ChromeDriver: chrome on windows (d0f534edaf5525b6716a1f2092c5be70)] -> xpath: //nav[@id='menu']//ul/li[contains(@class, 'open')]/div/child::*], [[ChromeDriver: chrome on windows (d0f534edaf5525b6716a1f2092c5be70)] -> xpath: //nav[@id='menu']//ul/li[contains(@class, 'open')]/div/child::*]]
2024-06-25 22:06:162 INFO  DesktopPage :62 - Select option product sorted by Price (High > Low)from sort by options [[ChromeDriver: chrome on windows (d0f534edaf5525b6716a1f2092c5be70)] -> id: input-sort]
2024-06-25 22:06:305 INFO  LaptopsAndNotebooksPage :46 - Verify Product sorted  price High to low [[[ChromeDriver: chrome on windows (d0f534edaf5525b6716a1f2092c5be70)] -> xpath: //p[@class ='price']], [[ChromeDriver: chrome on windows (d0f534edaf5525b6716a1f2092c5be70)] -> xpath: //p[@class ='price']], [[ChromeDriver: chrome on windows (d0f534edaf5525b6716a1f2092c5be70)] -> xpath: //p[@class ='price']], [[ChromeDriver: chrome on windows (d0f534edaf5525b6716a1f2092c5be70)] -> xpath: //p[@class ='price']], [[ChromeDriver: chrome on windows (d0f534edaf5525b6716a1f2092c5be70)] -> xpath: //p[@class ='price']]]
2024-06-25 22:06:388 INFO  LaptopsAndNotebooksPage :46 - Verify Product sorted  price High to low [[[ChromeDriver: chrome on windows (d0f534edaf5525b6716a1f2092c5be70)] -> xpath: //p[@class ='price']], [[ChromeDriver: chrome on windows (d0f534edaf5525b6716a1f2092c5be70)] -> xpath: //p[@class ='price']], [[ChromeDriver: chrome on windows (d0f534edaf5525b6716a1f2092c5be70)] -> xpath: //p[@class ='price']], [[ChromeDriver: chrome on windows (d0f534edaf5525b6716a1f2092c5be70)] -> xpath: //p[@class ='price']], [[ChromeDriver: chrome on windows (d0f534edaf5525b6716a1f2092c5be70)] -> xpath: //p[@class ='price']]]
2024-06-25 22:06:236 INFO  HomePage :77 - Clicking on Currency on top of page [[ChromeDriver: chrome on windows (acf5af8d0c80734fd442c781ca58a643)] -> xpath: //span[normalize-space()='Currency']]
2024-06-25 22:06:997 INFO  HomePage :81 - Clicking on £Pound Sterling on top of page [[ChromeDriver: chrome on windows (acf5af8d0c80734fd442c781ca58a643)] -> xpath: //button[contains(text(),'£Pound Sterling')]]
2024-06-25 22:06:196 INFO  HomePage :64 - Mouse hover on laptop And Notebook Tab and click [[ChromeDriver: chrome on windows (acf5af8d0c80734fd442c781ca58a643)] -> link text: Laptops & Notebooks]
2024-06-25 22:06:915 INFO  HomePage :53 - Click Show AllLaptops & Notebooks from homepage Top menu  [[[ChromeDriver: chrome on windows (acf5af8d0c80734fd442c781ca58a643)] -> xpath: //nav[@id='menu']//ul/li[contains(@class, 'open')]/div/child::*], [[ChromeDriver: chrome on windows (acf5af8d0c80734fd442c781ca58a643)] -> xpath: //nav[@id='menu']//ul/li[contains(@class, 'open')]/div/child::*]]
2024-06-25 22:06:465 INFO  DesktopPage :62 - Select option product sorted by Price (High > Low)from sort by options [[ChromeDriver: chrome on windows (acf5af8d0c80734fd442c781ca58a643)] -> id: input-sort]
2024-06-25 22:06:427 INFO  LaptopsAndNotebooksPage :63 - Select HP LP3065[[ChromeDriver: chrome on windows (acf5af8d0c80734fd442c781ca58a643)] -> link text: HP LP3065]
2024-06-25 22:06:457 INFO  ProductPage :54 - Verify Product name : [[ChromeDriver: chrome on windows (acf5af8d0c80734fd442c781ca58a643)] -> css selector: div[id='content'] h1]
2024-06-25 22:06:675 INFO  ProductPage :84 - Clicking on Login Button [[ChromeDriver: chrome on windows (acf5af8d0c80734fd442c781ca58a643)] -> xpath: //button[@id='button-cart']]
2024-06-25 22:06:955 INFO  ProductPage :88 - Verify the Message “Success: You have added product to your shopping cart!” [[ChromeDriver: chrome on windows (acf5af8d0c80734fd442c781ca58a643)] -> xpath: //div[@class='alert alert-success alert-dismissible']]
2024-06-25 22:06:430 INFO  ProductPage :94 - Clicking on shopping cart Button [[ChromeDriver: chrome on windows (acf5af8d0c80734fd442c781ca58a643)] -> xpath: //a[normalize-space()='shopping cart']]
2024-06-25 22:06:454 INFO  ShoppingCartPage :39 -  Verify the text Shopping Cart [[ChromeDriver: chrome on windows (acf5af8d0c80734fd442c781ca58a643)] -> xpath: //h1[contains(text(),'Shopping Cart')]]
2024-06-25 22:06:485 INFO  ShoppingCartPage :44 - Verify the Product name [[ChromeDriver: chrome on windows (acf5af8d0c80734fd442c781ca58a643)] -> xpath: //div[@class = 'table-responsive']/table/tbody/tr/td[2]/a]
2024-06-25 22:06:668 INFO  ShoppingCartPage :61 - Change Quantity 2 to quantity field [[ChromeDriver: chrome on windows (acf5af8d0c80734fd442c781ca58a643)] -> xpath: //div[@class='input-group btn-block']/input[@type='text']]
2024-06-25 22:06:380 INFO  ShoppingCartPage :66 -  Click on “Update” Tab [[ChromeDriver: chrome on windows (acf5af8d0c80734fd442c781ca58a643)] -> xpath: //i[@class = 'fa fa-refresh']]
2024-06-25 22:06:425 INFO  ShoppingCartPage :70 - Getting welcome back text [[ChromeDriver: chrome on windows (acf5af8d0c80734fd442c781ca58a643)] -> xpath: //div[@id='checkout-cart']/div[1]]
2024-06-25 22:06:455 INFO  ShoppingCartPage :54 - Getting total amount in shopping cart : [[ChromeDriver: chrome on windows (acf5af8d0c80734fd442c781ca58a643)] -> xpath: //div[@class = 'table-responsive']/table/tbody/tr/td[6]]
2024-06-25 22:06:925 INFO  ShoppingCartPage :76 - Click on “Checkout” button [[ChromeDriver: chrome on windows (acf5af8d0c80734fd442c781ca58a643)] -> css selector: a.btn.btn-primary]
2024-06-25 22:06:958 INFO  CheckOutPage :70 - Verify the text “Checkout” [[ChromeDriver: chrome on windows (acf5af8d0c80734fd442c781ca58a643)] -> xpath: //div[@id='content']/h1]
2024-06-25 22:06:220 INFO  CheckOutPage :76 - Verify the Text “New Customer” [[ChromeDriver: chrome on windows (acf5af8d0c80734fd442c781ca58a643)] -> xpath: //h2[contains(text(),'New Customer')]]
2024-06-25 22:06:345 INFO  CheckOutPage :83 - Click on “Guest Checkout” radio button [[ChromeDriver: chrome on windows (acf5af8d0c80734fd442c781ca58a643)] -> xpath: //input[@value='guest']]
2024-06-25 22:06:455 INFO  CheckOutPage :89 - Click on “Continue” tab [[ChromeDriver: chrome on windows (acf5af8d0c80734fd442c781ca58a643)] -> xpath: //input[@id='button-account']]
2024-06-25 22:06:998 INFO  CheckOutPage :95 - Enter firstname Test FN to firstname field [[ChromeDriver: chrome on windows (acf5af8d0c80734fd442c781ca58a643)] -> id: input-payment-firstname]
2024-06-25 22:06:205 INFO  CheckOutPage :101 - Enter lastname Test LN to lastname field [[ChromeDriver: chrome on windows (acf5af8d0c80734fd442c781ca58a643)] -> id: input-payment-lastname]
2024-06-25 22:06:516 INFO  CheckOutPage :107 - Enter email testfnln089@gmail.com to email field [[ChromeDriver: chrome on windows (acf5af8d0c80734fd442c781ca58a643)] -> id: input-payment-email]
2024-06-25 22:06:652 INFO  CheckOutPage :113 - Enter phoneNumber 07423246432 to phoneNumber field [[ChromeDriver: chrome on windows (acf5af8d0c80734fd442c781ca58a643)] -> id: input-payment-telephone]
2024-06-25 22:06:837 INFO  CheckOutPage :119 - Enter address Line 1 Test Address1 to address field [[ChromeDriver: chrome on windows (acf5af8d0c80734fd442c781ca58a643)] -> id: input-payment-address-1]
2024-06-25 22:06:951 INFO  CheckOutPage :125 - Enter city Birmingham to city field [[ChromeDriver: chrome on windows (acf5af8d0c80734fd442c781ca58a643)] -> id: input-payment-city]
2024-06-25 22:06:61 INFO  CheckOutPage :131 - Enter postcode t3 ts2 to postcode field [[ChromeDriver: chrome on windows (acf5af8d0c80734fd442c781ca58a643)] -> id: input-payment-postcode]
2024-06-25 22:06:136 INFO  CheckOutPage :136 - Select state Bristol to state field [[ChromeDriver: chrome on windows (acf5af8d0c80734fd442c781ca58a643)] -> id: input-payment-zone]
2024-06-25 22:06:198 INFO  CheckOutPage :142 -  Click on continue button [[ChromeDriver: chrome on windows (acf5af8d0c80734fd442c781ca58a643)] -> id: button-guest]
2024-06-25 22:06:955 INFO  HomePage :96 - Select Register from myAccount drop down list [[[ChromeDriver: chrome on windows (f533c2e79372185cf76d45fa00e60d82)] -> xpath: //ul[@class='dropdown-menu dropdown-menu-right']/li], [[ChromeDriver: chrome on windows (f533c2e79372185cf76d45fa00e60d82)] -> xpath: //ul[@class='dropdown-menu dropdown-menu-right']/li]]
2024-06-25 22:06:975 INFO  RegisterPage :54 - Verify the text “Register Account”. [[ChromeDriver: chrome on windows (f533c2e79372185cf76d45fa00e60d82)] -> xpath: //h1[contains(text(),'Register Account')]]
2024-06-25 22:06:310 INFO  HomePage :96 - Select Login from myAccount drop down list [[[ChromeDriver: chrome on windows (83da90be586ce1393ee30fd7e9f99869)] -> xpath: //ul[@class='dropdown-menu dropdown-menu-right']/li], [[ChromeDriver: chrome on windows (83da90be586ce1393ee30fd7e9f99869)] -> xpath: //ul[@class='dropdown-menu dropdown-menu-right']/li]]
2024-06-25 22:06:355 INFO  LoginPage :31 - Verify the text “Returning Customer” [[ChromeDriver: chrome on windows (83da90be586ce1393ee30fd7e9f99869)] -> xpath: //h2[contains(text(),'Returning Customer')]]
2024-06-25 22:06:295 INFO  HomePage :58 - Mouse hover on desktops Tab and click [[ChromeDriver: chrome on windows (ec3aaf0865494aa8f110303e73bcc74c)] -> link text: Desktops]
2024-06-25 22:06:536 INFO  HomePage :53 - Click Show AllDesktops from homepage Top menu  [[[ChromeDriver: chrome on windows (ec3aaf0865494aa8f110303e73bcc74c)] -> xpath: //nav[@id='menu']//ul/li[contains(@class, 'open')]/div/child::*], [[ChromeDriver: chrome on windows (ec3aaf0865494aa8f110303e73bcc74c)] -> xpath: //nav[@id='menu']//ul/li[contains(@class, 'open')]/div/child::*]]
2024-06-25 22:06:555 INFO  DesktopPage :32 - Verify the text ‘Desktops’[[ChromeDriver: chrome on windows (ec3aaf0865494aa8f110303e73bcc74c)] -> xpath: //h2[contains(text(),'Desktops')]]
2024-06-25 22:06:501 INFO  HomePage :64 - Mouse hover on laptop And Notebook Tab and click [[ChromeDriver: chrome on windows (4f52bd6a6cb945c6ab3660befa6606ea)] -> link text: Laptops & Notebooks]
2024-06-25 22:06:277 INFO  HomePage :53 - Click Show AllLaptops & Notebooks from homepage Top menu  [[[ChromeDriver: chrome on windows (4f52bd6a6cb945c6ab3660befa6606ea)] -> xpath: //nav[@id='menu']//ul/li[contains(@class, 'open')]/div/child::*], [[ChromeDriver: chrome on windows (4f52bd6a6cb945c6ab3660befa6606ea)] -> xpath: //nav[@id='menu']//ul/li[contains(@class, 'open')]/div/child::*]]
2024-06-25 22:06:305 INFO  LaptopsAndNotebooksPage :34 - Verify the text ‘Laptops & Notebooks’ [[ChromeDriver: chrome on windows (4f52bd6a6cb945c6ab3660befa6606ea)] -> xpath: //h2[contains(text(),'Laptops & Notebooks')]]
2024-06-25 22:06:335 INFO  HomePage :58 - Mouse hover on desktops Tab and click [[ChromeDriver: chrome on windows (4469bc7b0e731c9ed1b6a825425ce661)] -> link text: Desktops]
2024-06-25 22:06:556 INFO  HomePage :53 - Click Show AllDesktops from homepage Top menu  [[[ChromeDriver: chrome on windows (4469bc7b0e731c9ed1b6a825425ce661)] -> xpath: //nav[@id='menu']//ul/li[contains(@class, 'open')]/div/child::*], [[ChromeDriver: chrome on windows (4469bc7b0e731c9ed1b6a825425ce661)] -> xpath: //nav[@id='menu']//ul/li[contains(@class, 'open')]/div/child::*]]
2024-06-25 22:06:169 INFO  DesktopPage :62 - Select option product sorted by Name (Z - A)from sort by options [[ChromeDriver: chrome on windows (4469bc7b0e731c9ed1b6a825425ce661)] -> id: input-sort]
2024-06-25 22:06:701 INFO  HomePage :77 - Clicking on Currency on top of page [[ChromeDriver: chrome on windows (a4af601ee9635fbbd557bae896190e7c)] -> xpath: //span[normalize-space()='Currency']]
2024-06-25 22:06:608 INFO  HomePage :81 - Clicking on £Pound Sterling on top of page [[ChromeDriver: chrome on windows (a4af601ee9635fbbd557bae896190e7c)] -> xpath: //button[contains(text(),'£Pound Sterling')]]
2024-06-25 22:06:822 INFO  HomePage :58 - Mouse hover on desktops Tab and click [[ChromeDriver: chrome on windows (a4af601ee9635fbbd557bae896190e7c)] -> link text: Desktops]
2024-06-25 22:06:149 INFO  HomePage :53 - Click Show AllDesktops from homepage Top menu  [[[ChromeDriver: chrome on windows (a4af601ee9635fbbd557bae896190e7c)] -> xpath: //nav[@id='menu']//ul/li[contains(@class, 'open')]/div/child::*], [[ChromeDriver: chrome on windows (a4af601ee9635fbbd557bae896190e7c)] -> xpath: //nav[@id='menu']//ul/li[contains(@class, 'open')]/div/child::*]]
2024-06-25 22:06:850 INFO  DesktopPage :62 - Select option product sorted by Name (Z - A)from sort by options [[ChromeDriver: chrome on windows (a4af601ee9635fbbd557bae896190e7c)] -> id: input-sort]
2024-06-25 22:06:436 INFO  DesktopPage :70 - Clicking on HTC Touch HD [[ChromeDriver: chrome on windows (a4af601ee9635fbbd557bae896190e7c)] -> xpath: //h4/a]
2024-06-25 22:06:473 INFO  ProductPage :54 - Verify Product name : [[ChromeDriver: chrome on windows (a4af601ee9635fbbd557bae896190e7c)] -> css selector: div[id='content'] h1]
2024-06-25 22:06:667 INFO  ProductPage :84 - Clicking on Login Button [[ChromeDriver: chrome on windows (a4af601ee9635fbbd557bae896190e7c)] -> xpath: //button[@id='button-cart']]
2024-06-25 22:06:45 INFO  ProductPage :88 - Verify the Message “Success: You have added product to your shopping cart!” [[ChromeDriver: chrome on windows (a4af601ee9635fbbd557bae896190e7c)] -> xpath: //div[@class='alert alert-success alert-dismissible']]
2024-06-25 22:06:695 INFO  ProductPage :100 - Click on link “shopping cart” display into success message [[ChromeDriver: chrome on windows (a4af601ee9635fbbd557bae896190e7c)] -> xpath: //a[contains(text(),'shopping cart')]]
2024-06-25 22:06:727 INFO  ShoppingCartPage :39 -  Verify the text Shopping Cart [[ChromeDriver: chrome on windows (a4af601ee9635fbbd557bae896190e7c)] -> xpath: //h1[contains(text(),'Shopping Cart')]]
2024-06-25 22:06:769 INFO  ShoppingCartPage :44 - Verify the Product name [[ChromeDriver: chrome on windows (a4af601ee9635fbbd557bae896190e7c)] -> xpath: //div[@class = 'table-responsive']/table/tbody/tr/td[2]/a]
2024-06-25 22:06:815 INFO  ShoppingCartPage :49 - Getting model details in shopping cart : [[ChromeDriver: chrome on windows (a4af601ee9635fbbd557bae896190e7c)] -> xpath: //div[@class = 'table-responsive']/table/tbody/tr/td[3]]
2024-06-25 22:06:855 INFO  ShoppingCartPage :54 - Getting total amount in shopping cart : [[ChromeDriver: chrome on windows (a4af601ee9635fbbd557bae896190e7c)] -> xpath: //div[@class = 'table-responsive']/table/tbody/tr/td[6]]
2024-06-25 22:06:806 INFO  HomePage :77 - Clicking on Currency on top of page [[ChromeDriver: chrome on windows (5bd4dab221ac035c1e8f8cc0cb9e5e50)] -> xpath: //span[normalize-space()='Currency']]
2024-06-25 22:06:789 INFO  HomePage :81 - Clicking on £Pound Sterling on top of page [[ChromeDriver: chrome on windows (5bd4dab221ac035c1e8f8cc0cb9e5e50)] -> xpath: //button[contains(text(),'£Pound Sterling')]]
2024-06-25 22:06:05 INFO  HomePage :58 - Mouse hover on desktops Tab and click [[ChromeDriver: chrome on windows (5bd4dab221ac035c1e8f8cc0cb9e5e50)] -> link text: Desktops]
2024-06-25 22:06:249 INFO  HomePage :53 - Click Show AllDesktops from homepage Top menu  [[[ChromeDriver: chrome on windows (5bd4dab221ac035c1e8f8cc0cb9e5e50)] -> xpath: //nav[@id='menu']//ul/li[contains(@class, 'open')]/div/child::*], [[ChromeDriver: chrome on windows (5bd4dab221ac035c1e8f8cc0cb9e5e50)] -> xpath: //nav[@id='menu']//ul/li[contains(@class, 'open')]/div/child::*]]
2024-06-25 22:06:881 INFO  DesktopPage :62 - Select option product sorted by Name (Z - A)from sort by options [[ChromeDriver: chrome on windows (5bd4dab221ac035c1e8f8cc0cb9e5e50)] -> id: input-sort]
2024-06-25 22:06:436 INFO  DesktopPage :70 - Clicking on iPhone [[ChromeDriver: chrome on windows (5bd4dab221ac035c1e8f8cc0cb9e5e50)] -> xpath: //h4/a]
2024-06-25 22:06:477 INFO  ProductPage :54 - Verify Product name : [[ChromeDriver: chrome on windows (5bd4dab221ac035c1e8f8cc0cb9e5e50)] -> css selector: div[id='content'] h1]
2024-06-25 22:06:659 INFO  ProductPage :84 - Clicking on Login Button [[ChromeDriver: chrome on windows (5bd4dab221ac035c1e8f8cc0cb9e5e50)] -> xpath: //button[@id='button-cart']]
2024-06-25 22:06:19 INFO  ProductPage :88 - Verify the Message “Success: You have added product to your shopping cart!” [[ChromeDriver: chrome on windows (5bd4dab221ac035c1e8f8cc0cb9e5e50)] -> xpath: //div[@class='alert alert-success alert-dismissible']]
2024-06-25 22:06:691 INFO  ProductPage :100 - Click on link “shopping cart” display into success message [[ChromeDriver: chrome on windows (5bd4dab221ac035c1e8f8cc0cb9e5e50)] -> xpath: //a[contains(text(),'shopping cart')]]
2024-06-25 22:06:716 INFO  ShoppingCartPage :39 -  Verify the text Shopping Cart [[ChromeDriver: chrome on windows (5bd4dab221ac035c1e8f8cc0cb9e5e50)] -> xpath: //h1[contains(text(),'Shopping Cart')]]
2024-06-25 22:06:759 INFO  ShoppingCartPage :44 - Verify the Product name [[ChromeDriver: chrome on windows (5bd4dab221ac035c1e8f8cc0cb9e5e50)] -> xpath: //div[@class = 'table-responsive']/table/tbody/tr/td[2]/a]
2024-06-25 22:06:825 INFO  ShoppingCartPage :49 - Getting model details in shopping cart : [[ChromeDriver: chrome on windows (5bd4dab221ac035c1e8f8cc0cb9e5e50)] -> xpath: //div[@class = 'table-responsive']/table/tbody/tr/td[3]]
2024-06-25 22:06:860 INFO  ShoppingCartPage :54 - Getting total amount in shopping cart : [[ChromeDriver: chrome on windows (5bd4dab221ac035c1e8f8cc0cb9e5e50)] -> xpath: //div[@class = 'table-responsive']/table/tbody/tr/td[6]]
2024-06-25 22:06:510 INFO  HomePage :77 - Clicking on Currency on top of page [[ChromeDriver: chrome on windows (704a32c8f9cd43c658d32837ef2c071b)] -> xpath: //span[normalize-space()='Currency']]
2024-06-25 22:06:445 INFO  HomePage :81 - Clicking on £Pound Sterling on top of page [[ChromeDriver: chrome on windows (704a32c8f9cd43c658d32837ef2c071b)] -> xpath: //button[contains(text(),'£Pound Sterling')]]
2024-06-25 22:06:672 INFO  HomePage :58 - Mouse hover on desktops Tab and click [[ChromeDriver: chrome on windows (704a32c8f9cd43c658d32837ef2c071b)] -> link text: Desktops]
2024-06-25 22:06:867 INFO  HomePage :53 - Click Show AllDesktops from homepage Top menu  [[[ChromeDriver: chrome on windows (704a32c8f9cd43c658d32837ef2c071b)] -> xpath: //nav[@id='menu']//ul/li[contains(@class, 'open')]/div/child::*], [[ChromeDriver: chrome on windows (704a32c8f9cd43c658d32837ef2c071b)] -> xpath: //nav[@id='menu']//ul/li[contains(@class, 'open')]/div/child::*]]
2024-06-25 22:06:481 INFO  DesktopPage :62 - Select option product sorted by Name (Z - A)from sort by options [[ChromeDriver: chrome on windows (704a32c8f9cd43c658d32837ef2c071b)] -> id: input-sort]
2024-06-25 22:06:00 INFO  DesktopPage :70 - Clicking on iPod Classic [[ChromeDriver: chrome on windows (704a32c8f9cd43c658d32837ef2c071b)] -> xpath: //h4/a]
2024-06-25 22:06:55 INFO  ProductPage :54 - Verify Product name : [[ChromeDriver: chrome on windows (704a32c8f9cd43c658d32837ef2c071b)] -> css selector: div[id='content'] h1]
2024-06-25 22:06:267 INFO  ProductPage :84 - Clicking on Login Button [[ChromeDriver: chrome on windows (704a32c8f9cd43c658d32837ef2c071b)] -> xpath: //button[@id='button-cart']]
2024-06-25 22:06:620 INFO  ProductPage :88 - Verify the Message “Success: You have added product to your shopping cart!” [[ChromeDriver: chrome on windows (704a32c8f9cd43c658d32837ef2c071b)] -> xpath: //div[@class='alert alert-success alert-dismissible']]
2024-06-25 22:06:259 INFO  ProductPage :100 - Click on link “shopping cart” display into success message [[ChromeDriver: chrome on windows (704a32c8f9cd43c658d32837ef2c071b)] -> xpath: //a[contains(text(),'shopping cart')]]
2024-06-25 22:06:288 INFO  ShoppingCartPage :39 -  Verify the text Shopping Cart [[ChromeDriver: chrome on windows (704a32c8f9cd43c658d32837ef2c071b)] -> xpath: //h1[contains(text(),'Shopping Cart')]]
2024-06-25 22:06:331 INFO  ShoppingCartPage :44 - Verify the Product name [[ChromeDriver: chrome on windows (704a32c8f9cd43c658d32837ef2c071b)] -> xpath: //div[@class = 'table-responsive']/table/tbody/tr/td[2]/a]
2024-06-25 22:06:380 INFO  ShoppingCartPage :49 - Getting model details in shopping cart : [[ChromeDriver: chrome on windows (704a32c8f9cd43c658d32837ef2c071b)] -> xpath: //div[@class = 'table-responsive']/table/tbody/tr/td[3]]
2024-06-25 22:06:426 INFO  ShoppingCartPage :54 - Getting total amount in shopping cart : [[ChromeDriver: chrome on windows (704a32c8f9cd43c658d32837ef2c071b)] -> xpath: //div[@class = 'table-responsive']/table/tbody/tr/td[6]]
2024-06-25 22:06:875 INFO  HomePage :77 - Clicking on Currency on top of page [[ChromeDriver: chrome on windows (0c2cf20b0ad2807dce297ef862229e50)] -> xpath: //span[normalize-space()='Currency']]
2024-06-25 22:06:835 INFO  HomePage :81 - Clicking on £Pound Sterling on top of page [[ChromeDriver: chrome on windows (0c2cf20b0ad2807dce297ef862229e50)] -> xpath: //button[contains(text(),'£Pound Sterling')]]
2024-06-25 22:06:43 INFO  HomePage :58 - Mouse hover on desktops Tab and click [[ChromeDriver: chrome on windows (0c2cf20b0ad2807dce297ef862229e50)] -> link text: Desktops]
2024-06-25 22:06:679 INFO  HomePage :53 - Click Show AllDesktops from homepage Top menu  [[[ChromeDriver: chrome on windows (0c2cf20b0ad2807dce297ef862229e50)] -> xpath: //nav[@id='menu']//ul/li[contains(@class, 'open')]/div/child::*], [[ChromeDriver: chrome on windows (0c2cf20b0ad2807dce297ef862229e50)] -> xpath: //nav[@id='menu']//ul/li[contains(@class, 'open')]/div/child::*]]
2024-06-25 22:06:268 INFO  DesktopPage :62 - Select option product sorted by Name (Z - A)from sort by options [[ChromeDriver: chrome on windows (0c2cf20b0ad2807dce297ef862229e50)] -> id: input-sort]
2024-06-25 22:06:475 INFO  DesktopPage :70 - Clicking on MacBook [[ChromeDriver: chrome on windows (0c2cf20b0ad2807dce297ef862229e50)] -> xpath: //h4/a]
2024-06-25 22:06:501 INFO  ProductPage :54 - Verify Product name : [[ChromeDriver: chrome on windows (0c2cf20b0ad2807dce297ef862229e50)] -> css selector: div[id='content'] h1]
2024-06-25 22:06:683 INFO  ProductPage :84 - Clicking on Login Button [[ChromeDriver: chrome on windows (0c2cf20b0ad2807dce297ef862229e50)] -> xpath: //button[@id='button-cart']]
2024-06-25 22:06:21 INFO  ProductPage :88 - Verify the Message “Success: You have added product to your shopping cart!” [[ChromeDriver: chrome on windows (0c2cf20b0ad2807dce297ef862229e50)] -> xpath: //div[@class='alert alert-success alert-dismissible']]
2024-06-25 22:06:680 INFO  ProductPage :100 - Click on link “shopping cart” display into success message [[ChromeDriver: chrome on windows (0c2cf20b0ad2807dce297ef862229e50)] -> xpath: //a[contains(text(),'shopping cart')]]
2024-06-25 22:06:710 INFO  ShoppingCartPage :39 -  Verify the text Shopping Cart [[ChromeDriver: chrome on windows (0c2cf20b0ad2807dce297ef862229e50)] -> xpath: //h1[contains(text(),'Shopping Cart')]]
2024-06-25 22:06:755 INFO  ShoppingCartPage :44 - Verify the Product name [[ChromeDriver: chrome on windows (0c2cf20b0ad2807dce297ef862229e50)] -> xpath: //div[@class = 'table-responsive']/table/tbody/tr/td[2]/a]
2024-06-25 22:06:819 INFO  ShoppingCartPage :49 - Getting model details in shopping cart : [[ChromeDriver: chrome on windows (0c2cf20b0ad2807dce297ef862229e50)] -> xpath: //div[@class = 'table-responsive']/table/tbody/tr/td[3]]
2024-06-25 22:06:865 INFO  ShoppingCartPage :54 - Getting total amount in shopping cart : [[ChromeDriver: chrome on windows (0c2cf20b0ad2807dce297ef862229e50)] -> xpath: //div[@class = 'table-responsive']/table/tbody/tr/td[6]]
2024-06-25 22:06:430 INFO  HomePage :77 - Clicking on Currency on top of page [[ChromeDriver: chrome on windows (a9299fde662b906502c563e9da0b4255)] -> xpath: //span[normalize-space()='Currency']]
2024-06-25 22:06:362 INFO  HomePage :81 - Clicking on £Pound Sterling on top of page [[ChromeDriver: chrome on windows (a9299fde662b906502c563e9da0b4255)] -> xpath: //button[contains(text(),'£Pound Sterling')]]
2024-06-25 22:06:539 INFO  HomePage :58 - Mouse hover on desktops Tab and click [[ChromeDriver: chrome on windows (a9299fde662b906502c563e9da0b4255)] -> link text: Desktops]
2024-06-25 22:06:792 INFO  HomePage :53 - Click Show AllDesktops from homepage Top menu  [[[ChromeDriver: chrome on windows (a9299fde662b906502c563e9da0b4255)] -> xpath: //nav[@id='menu']//ul/li[contains(@class, 'open')]/div/child::*], [[ChromeDriver: chrome on windows (a9299fde662b906502c563e9da0b4255)] -> xpath: //nav[@id='menu']//ul/li[contains(@class, 'open')]/div/child::*]]
2024-06-25 22:06:401 INFO  DesktopPage :62 - Select option product sorted by Name (Z - A)from sort by options [[ChromeDriver: chrome on windows (a9299fde662b906502c563e9da0b4255)] -> id: input-sort]
2024-06-25 22:06:904 INFO  DesktopPage :70 - Clicking on MacBook Air [[ChromeDriver: chrome on windows (a9299fde662b906502c563e9da0b4255)] -> xpath: //h4/a]
2024-06-25 22:06:935 INFO  ProductPage :54 - Verify Product name : [[ChromeDriver: chrome on windows (a9299fde662b906502c563e9da0b4255)] -> css selector: div[id='content'] h1]
2024-06-25 22:06:105 INFO  ProductPage :84 - Clicking on Login Button [[ChromeDriver: chrome on windows (a9299fde662b906502c563e9da0b4255)] -> xpath: //button[@id='button-cart']]
2024-06-25 22:06:476 INFO  ProductPage :88 - Verify the Message “Success: You have added product to your shopping cart!” [[ChromeDriver: chrome on windows (a9299fde662b906502c563e9da0b4255)] -> xpath: //div[@class='alert alert-success alert-dismissible']]
2024-06-25 22:06:140 INFO  ProductPage :100 - Click on link “shopping cart” display into success message [[ChromeDriver: chrome on windows (a9299fde662b906502c563e9da0b4255)] -> xpath: //a[contains(text(),'shopping cart')]]
2024-06-25 22:06:172 INFO  ShoppingCartPage :39 -  Verify the text Shopping Cart [[ChromeDriver: chrome on windows (a9299fde662b906502c563e9da0b4255)] -> xpath: //h1[contains(text(),'Shopping Cart')]]
2024-06-25 22:06:216 INFO  ShoppingCartPage :44 - Verify the Product name [[ChromeDriver: chrome on windows (a9299fde662b906502c563e9da0b4255)] -> xpath: //div[@class = 'table-responsive']/table/tbody/tr/td[2]/a]
2024-06-25 22:06:277 INFO  ShoppingCartPage :49 - Getting model details in shopping cart : [[ChromeDriver: chrome on windows (a9299fde662b906502c563e9da0b4255)] -> xpath: //div[@class = 'table-responsive']/table/tbody/tr/td[3]]
2024-06-25 22:06:316 INFO  ShoppingCartPage :54 - Getting total amount in shopping cart : [[ChromeDriver: chrome on windows (a9299fde662b906502c563e9da0b4255)] -> xpath: //div[@class = 'table-responsive']/table/tbody/tr/td[6]]
2024-06-25 22:06:931 INFO  HomePage :77 - Clicking on Currency on top of page [[ChromeDriver: chrome on windows (8733577494bcc05052fd8a2d2270e9fa)] -> xpath: //span[normalize-space()='Currency']]
2024-06-25 22:06:05 INFO  HomePage :81 - Clicking on £Pound Sterling on top of page [[ChromeDriver: chrome on windows (8733577494bcc05052fd8a2d2270e9fa)] -> xpath: //button[contains(text(),'£Pound Sterling')]]
2024-06-25 22:06:196 INFO  HomePage :58 - Mouse hover on desktops Tab and click [[ChromeDriver: chrome on windows (8733577494bcc05052fd8a2d2270e9fa)] -> link text: Desktops]
2024-06-25 22:06:631 INFO  HomePage :53 - Click Show AllDesktops from homepage Top menu  [[[ChromeDriver: chrome on windows (8733577494bcc05052fd8a2d2270e9fa)] -> xpath: //nav[@id='menu']//ul/li[contains(@class, 'open')]/div/child::*], [[ChromeDriver: chrome on windows (8733577494bcc05052fd8a2d2270e9fa)] -> xpath: //nav[@id='menu']//ul/li[contains(@class, 'open')]/div/child::*]]
2024-06-25 22:06:375 INFO  DesktopPage :62 - Select option product sorted by Name (Z - A)from sort by options [[ChromeDriver: chrome on windows (8733577494bcc05052fd8a2d2270e9fa)] -> id: input-sort]
2024-06-25 22:06:210 INFO  DesktopPage :70 - Clicking on Sony VAIO [[ChromeDriver: chrome on windows (8733577494bcc05052fd8a2d2270e9fa)] -> xpath: //h4/a]
2024-06-25 22:06:235 INFO  ProductPage :54 - Verify Product name : [[ChromeDriver: chrome on windows (8733577494bcc05052fd8a2d2270e9fa)] -> css selector: div[id='content'] h1]
2024-06-25 22:06:439 INFO  ProductPage :84 - Clicking on Login Button [[ChromeDriver: chrome on windows (8733577494bcc05052fd8a2d2270e9fa)] -> xpath: //button[@id='button-cart']]
2024-06-25 22:06:918 INFO  ProductPage :88 - Verify the Message “Success: You have added product to your shopping cart!” [[ChromeDriver: chrome on windows (8733577494bcc05052fd8a2d2270e9fa)] -> xpath: //div[@class='alert alert-success alert-dismissible']]
2024-06-25 22:06:704 INFO  ProductPage :100 - Click on link “shopping cart” display into success message [[ChromeDriver: chrome on windows (8733577494bcc05052fd8a2d2270e9fa)] -> xpath: //a[contains(text(),'shopping cart')]]
2024-06-25 22:06:726 INFO  ShoppingCartPage :39 -  Verify the text Shopping Cart [[ChromeDriver: chrome on windows (8733577494bcc05052fd8a2d2270e9fa)] -> xpath: //h1[contains(text(),'Shopping Cart')]]
2024-06-25 22:06:795 INFO  ShoppingCartPage :44 - Verify the Product name [[ChromeDriver: chrome on windows (8733577494bcc05052fd8a2d2270e9fa)] -> xpath: //div[@class = 'table-responsive']/table/tbody/tr/td[2]/a]
2024-06-25 22:06:826 INFO  ShoppingCartPage :49 - Getting model details in shopping cart : [[ChromeDriver: chrome on windows (8733577494bcc05052fd8a2d2270e9fa)] -> xpath: //div[@class = 'table-responsive']/table/tbody/tr/td[3]]
2024-06-25 22:06:861 INFO  ShoppingCartPage :54 - Getting total amount in shopping cart : [[ChromeDriver: chrome on windows (8733577494bcc05052fd8a2d2270e9fa)] -> xpath: //div[@class = 'table-responsive']/table/tbody/tr/td[6]]
2024-06-25 22:06:255 INFO  HomePage :64 - Mouse hover on laptop And Notebook Tab and click [[ChromeDriver: chrome on windows (6d85e88f355b36e5f2e02c93f17af7c0)] -> link text: Laptops & Notebooks]
2024-06-25 22:06:147 INFO  HomePage :53 - Click Show AllLaptops & Notebooks from homepage Top menu  [[[ChromeDriver: chrome on windows (6d85e88f355b36e5f2e02c93f17af7c0)] -> xpath: //nav[@id='menu']//ul/li[contains(@class, 'open')]/div/child::*], [[ChromeDriver: chrome on windows (6d85e88f355b36e5f2e02c93f17af7c0)] -> xpath: //nav[@id='menu']//ul/li[contains(@class, 'open')]/div/child::*]]
2024-06-25 22:06:835 INFO  DesktopPage :62 - Select option product sorted by Price (High > Low)from sort by options [[ChromeDriver: chrome on windows (6d85e88f355b36e5f2e02c93f17af7c0)] -> id: input-sort]
2024-06-25 22:06:934 INFO  LaptopsAndNotebooksPage :46 - Verify Product sorted  price High to low [[[ChromeDriver: chrome on windows (6d85e88f355b36e5f2e02c93f17af7c0)] -> xpath: //p[@class ='price']], [[ChromeDriver: chrome on windows (6d85e88f355b36e5f2e02c93f17af7c0)] -> xpath: //p[@class ='price']], [[ChromeDriver: chrome on windows (6d85e88f355b36e5f2e02c93f17af7c0)] -> xpath: //p[@class ='price']], [[ChromeDriver: chrome on windows (6d85e88f355b36e5f2e02c93f17af7c0)] -> xpath: //p[@class ='price']], [[ChromeDriver: chrome on windows (6d85e88f355b36e5f2e02c93f17af7c0)] -> xpath: //p[@class ='price']]]
2024-06-25 22:06:25 INFO  LaptopsAndNotebooksPage :46 - Verify Product sorted  price High to low [[[ChromeDriver: chrome on windows (6d85e88f355b36e5f2e02c93f17af7c0)] -> xpath: //p[@class ='price']], [[ChromeDriver: chrome on windows (6d85e88f355b36e5f2e02c93f17af7c0)] -> xpath: //p[@class ='price']], [[ChromeDriver: chrome on windows (6d85e88f355b36e5f2e02c93f17af7c0)] -> xpath: //p[@class ='price']], [[ChromeDriver: chrome on windows (6d85e88f355b36e5f2e02c93f17af7c0)] -> xpath: //p[@class ='price']], [[ChromeDriver: chrome on windows (6d85e88f355b36e5f2e02c93f17af7c0)] -> xpath: //p[@class ='price']]]
2024-06-25 22:06:831 INFO  HomePage :77 - Clicking on Currency on top of page [[ChromeDriver: chrome on windows (59953709cad4a1f1b949e9f3d7613b0e)] -> xpath: //span[normalize-space()='Currency']]
2024-06-25 22:06:716 INFO  HomePage :81 - Clicking on £Pound Sterling on top of page [[ChromeDriver: chrome on windows (59953709cad4a1f1b949e9f3d7613b0e)] -> xpath: //button[contains(text(),'£Pound Sterling')]]
2024-06-25 22:06:916 INFO  HomePage :64 - Mouse hover on laptop And Notebook Tab and click [[ChromeDriver: chrome on windows (59953709cad4a1f1b949e9f3d7613b0e)] -> link text: Laptops & Notebooks]
2024-06-25 22:06:850 INFO  HomePage :53 - Click Show AllLaptops & Notebooks from homepage Top menu  [[[ChromeDriver: chrome on windows (59953709cad4a1f1b949e9f3d7613b0e)] -> xpath: //nav[@id='menu']//ul/li[contains(@class, 'open')]/div/child::*], [[ChromeDriver: chrome on windows (59953709cad4a1f1b949e9f3d7613b0e)] -> xpath: //nav[@id='menu']//ul/li[contains(@class, 'open')]/div/child::*]]
2024-06-25 22:06:514 INFO  DesktopPage :62 - Select option product sorted by Price (High > Low)from sort by options [[ChromeDriver: chrome on windows (59953709cad4a1f1b949e9f3d7613b0e)] -> id: input-sort]
2024-06-25 22:06:905 INFO  LaptopsAndNotebooksPage :63 - Select HP LP3065[[ChromeDriver: chrome on windows (59953709cad4a1f1b949e9f3d7613b0e)] -> link text: HP LP3065]
2024-06-25 22:06:935 INFO  ProductPage :54 - Verify Product name : [[ChromeDriver: chrome on windows (59953709cad4a1f1b949e9f3d7613b0e)] -> css selector: div[id='content'] h1]
2024-06-25 22:06:109 INFO  ProductPage :84 - Clicking on Login Button [[ChromeDriver: chrome on windows (59953709cad4a1f1b949e9f3d7613b0e)] -> xpath: //button[@id='button-cart']]
2024-06-25 22:06:485 INFO  ProductPage :88 - Verify the Message “Success: You have added product to your shopping cart!” [[ChromeDriver: chrome on windows (59953709cad4a1f1b949e9f3d7613b0e)] -> xpath: //div[@class='alert alert-success alert-dismissible']]
2024-06-25 22:06:91 INFO  ProductPage :94 - Clicking on shopping cart Button [[ChromeDriver: chrome on windows (59953709cad4a1f1b949e9f3d7613b0e)] -> xpath: //a[normalize-space()='shopping cart']]
2024-06-25 22:06:123 INFO  ShoppingCartPage :39 -  Verify the text Shopping Cart [[ChromeDriver: chrome on windows (59953709cad4a1f1b949e9f3d7613b0e)] -> xpath: //h1[contains(text(),'Shopping Cart')]]
2024-06-25 22:06:200 INFO  ShoppingCartPage :44 - Verify the Product name [[ChromeDriver: chrome on windows (59953709cad4a1f1b949e9f3d7613b0e)] -> xpath: //div[@class = 'table-responsive']/table/tbody/tr/td[2]/a]
2024-06-25 22:06:439 INFO  ShoppingCartPage :61 - Change Quantity 2 to quantity field [[ChromeDriver: chrome on windows (59953709cad4a1f1b949e9f3d7613b0e)] -> xpath: //div[@class='input-group btn-block']/input[@type='text']]
2024-06-25 22:06:320 INFO  ShoppingCartPage :66 -  Click on “Update” Tab [[ChromeDriver: chrome on windows (59953709cad4a1f1b949e9f3d7613b0e)] -> xpath: //i[@class = 'fa fa-refresh']]
2024-06-25 22:06:345 INFO  ShoppingCartPage :70 - Getting welcome back text [[ChromeDriver: chrome on windows (59953709cad4a1f1b949e9f3d7613b0e)] -> xpath: //div[@id='checkout-cart']/div[1]]
2024-06-25 22:06:381 INFO  ShoppingCartPage :54 - Getting total amount in shopping cart : [[ChromeDriver: chrome on windows (59953709cad4a1f1b949e9f3d7613b0e)] -> xpath: //div[@class = 'table-responsive']/table/tbody/tr/td[6]]
2024-06-25 22:06:918 INFO  ShoppingCartPage :76 - Click on “Checkout” button [[ChromeDriver: chrome on windows (59953709cad4a1f1b949e9f3d7613b0e)] -> css selector: a.btn.btn-primary]
2024-06-25 22:06:964 INFO  CheckOutPage :70 - Verify the text “Checkout” [[ChromeDriver: chrome on windows (59953709cad4a1f1b949e9f3d7613b0e)] -> xpath: //div[@id='content']/h1]
2024-06-25 22:06:265 INFO  CheckOutPage :76 - Verify the Text “New Customer” [[ChromeDriver: chrome on windows (59953709cad4a1f1b949e9f3d7613b0e)] -> xpath: //h2[contains(text(),'New Customer')]]
2024-06-25 22:06:390 INFO  CheckOutPage :83 - Click on “Guest Checkout” radio button [[ChromeDriver: chrome on windows (59953709cad4a1f1b949e9f3d7613b0e)] -> xpath: //input[@value='guest']]
2024-06-25 22:06:488 INFO  CheckOutPage :89 - Click on “Continue” tab [[ChromeDriver: chrome on windows (59953709cad4a1f1b949e9f3d7613b0e)] -> xpath: //input[@id='button-account']]
2024-06-25 22:06:77 INFO  CheckOutPage :95 - Enter firstname Test FN to firstname field [[ChromeDriver: chrome on windows (59953709cad4a1f1b949e9f3d7613b0e)] -> id: input-payment-firstname]
2024-06-25 22:06:275 INFO  CheckOutPage :101 - Enter lastname Test LN to lastname field [[ChromeDriver: chrome on windows (59953709cad4a1f1b949e9f3d7613b0e)] -> id: input-payment-lastname]
2024-06-25 22:06:587 INFO  CheckOutPage :107 - Enter email testfnln089@gmail.com to email field [[ChromeDriver: chrome on windows (59953709cad4a1f1b949e9f3d7613b0e)] -> id: input-payment-email]
2024-06-25 22:06:734 INFO  CheckOutPage :113 - Enter phoneNumber 07423246432 to phoneNumber field [[ChromeDriver: chrome on windows (59953709cad4a1f1b949e9f3d7613b0e)] -> id: input-payment-telephone]
2024-06-25 22:06:957 INFO  CheckOutPage :119 - Enter address Line 1 Test Address1 to address field [[ChromeDriver: chrome on windows (59953709cad4a1f1b949e9f3d7613b0e)] -> id: input-payment-address-1]
2024-06-25 22:06:124 INFO  CheckOutPage :125 - Enter city Birmingham to city field [[ChromeDriver: chrome on windows (59953709cad4a1f1b949e9f3d7613b0e)] -> id: input-payment-city]
2024-06-25 22:06:255 INFO  CheckOutPage :131 - Enter postcode t3 ts2 to postcode field [[ChromeDriver: chrome on windows (59953709cad4a1f1b949e9f3d7613b0e)] -> id: input-payment-postcode]
2024-06-25 22:06:367 INFO  CheckOutPage :136 - Select state Bristol to state field [[ChromeDriver: chrome on windows (59953709cad4a1f1b949e9f3d7613b0e)] -> id: input-payment-zone]
2024-06-25 22:06:453 INFO  CheckOutPage :142 -  Click on continue button [[ChromeDriver: chrome on windows (59953709cad4a1f1b949e9f3d7613b0e)] -> id: button-guest]
2024-06-25 22:06:644 INFO  HomePage :96 - Select Register from myAccount drop down list [[[ChromeDriver: chrome on windows (0da4884071d9d34a187c94dedae0fad9)] -> xpath: //ul[@class='dropdown-menu dropdown-menu-right']/li], [[ChromeDriver: chrome on windows (0da4884071d9d34a187c94dedae0fad9)] -> xpath: //ul[@class='dropdown-menu dropdown-menu-right']/li]]
2024-06-25 22:06:664 INFO  RegisterPage :54 - Verify the text “Register Account”. [[ChromeDriver: chrome on windows (0da4884071d9d34a187c94dedae0fad9)] -> xpath: //h1[contains(text(),'Register Account')]]
2024-06-25 22:06:859 INFO  HomePage :96 - Select Login from myAccount drop down list [[[ChromeDriver: chrome on windows (d17f12c97cee294dcfa2738bcfc19c9b)] -> xpath: //ul[@class='dropdown-menu dropdown-menu-right']/li], [[ChromeDriver: chrome on windows (d17f12c97cee294dcfa2738bcfc19c9b)] -> xpath: //ul[@class='dropdown-menu dropdown-menu-right']/li]]
2024-06-25 22:06:911 INFO  LoginPage :31 - Verify the text “Returning Customer” [[ChromeDriver: chrome on windows (d17f12c97cee294dcfa2738bcfc19c9b)] -> xpath: //h2[contains(text(),'Returning Customer')]]
2024-06-25 22:06:659 INFO  HomePage :96 - Select Register from myAccount drop down list [[[ChromeDriver: chrome on windows (f1a917c7133eea9a8c24f9bd12242acc)] -> xpath: //ul[@class='dropdown-menu dropdown-menu-right']/li], [[ChromeDriver: chrome on windows (f1a917c7133eea9a8c24f9bd12242acc)] -> xpath: //ul[@class='dropdown-menu dropdown-menu-right']/li]]
2024-06-25 22:06:820 INFO  RegisterPage :60 - Enter Firstname Test FN to Firstname field [[ChromeDriver: chrome on windows (f1a917c7133eea9a8c24f9bd12242acc)] -> id: input-firstname]
2024-06-25 22:06:981 INFO  RegisterPage :65 - Enter Lastname Test LN to Lastname field [[ChromeDriver: chrome on windows (f1a917c7133eea9a8c24f9bd12242acc)] -> id: input-lastname]
2024-06-25 22:06:269 INFO  RegisterPage :70 - Enter email tesfnln075@gmail.com to email field [[ChromeDriver: chrome on windows (f1a917c7133eea9a8c24f9bd12242acc)] -> id: input-email]
2024-06-25 22:06:404 INFO  RegisterPage :75 - Enter Telephone 07324234675 to Telephone field [[ChromeDriver: chrome on windows (f1a917c7133eea9a8c24f9bd12242acc)] -> id: input-telephone]
2024-06-25 22:06:539 INFO  RegisterPage :80 - Enter Password test@123 to Password field [[ChromeDriver: chrome on windows (f1a917c7133eea9a8c24f9bd12242acc)] -> id: input-password]
2024-06-25 22:06:678 INFO  RegisterPage :85 - Enter ConfirmPassword test@123 to ConfirmPassword field [[ChromeDriver: chrome on windows (f1a917c7133eea9a8c24f9bd12242acc)] -> id: input-confirm]
2024-06-25 22:06:722 INFO  RegisterPage :97 - Select Subscribe yes radio button [[[ChromeDriver: chrome on windows (f1a917c7133eea9a8c24f9bd12242acc)] -> xpath: //fieldset[3]//input], [[ChromeDriver: chrome on windows (f1a917c7133eea9a8c24f9bd12242acc)] -> xpath: //fieldset[3]//input]]
2024-06-25 22:06:804 INFO  RegisterPage :102 - Click on Privacy Policy check box [[ChromeDriver: chrome on windows (f1a917c7133eea9a8c24f9bd12242acc)] -> xpath: //input[@name='agree']]
2024-06-25 22:06:897 INFO  RegisterPage :107 - Clicking on Continue Button [[ChromeDriver: chrome on windows (f1a917c7133eea9a8c24f9bd12242acc)] -> xpath: //input[@type='submit']]
2024-06-25 22:06:666 INFO  RegisterPage :112 - Verify the message “Your Account Has Been Created!” Proxy element for: DefaultElementLocator 'By.xpath: //h1[text()='Your Account Has Been Created!']'
2024-06-25 22:06:930 INFO  HomePage :96 - Select Login from myAccount drop down list [[[ChromeDriver: chrome on windows (86ac045ca7e1a0988927d20e2aa6beec)] -> xpath: //ul[@class='dropdown-menu dropdown-menu-right']/li], [[ChromeDriver: chrome on windows (86ac045ca7e1a0988927d20e2aa6beec)] -> xpath: //ul[@class='dropdown-menu dropdown-menu-right']/li]]
2024-06-25 22:06:116 INFO  LoginPage :38 - Enter email tesfnln075@gmail.comto email field [[ChromeDriver: chrome on windows (86ac045ca7e1a0988927d20e2aa6beec)] -> id: input-email]
2024-06-25 22:06:216 INFO  LoginPage :44 - Enter password test@123to password field [[ChromeDriver: chrome on windows (86ac045ca7e1a0988927d20e2aa6beec)] -> id: input-password]
2024-06-25 22:06:850 INFO  LoginPage :50 - Clicking on Login Button [[ChromeDriver: chrome on windows (86ac045ca7e1a0988927d20e2aa6beec)] -> xpath: //input[@value='Login']]
2024-06-25 22:06:343 INFO  LoginPage :55 - Verify text “My Account” Proxy element for: DefaultElementLocator 'By.xpath: //h2[text()='My Account']'
2024-06-25 22:06:934 INFO  HomePage :58 - Mouse hover on desktops Tab and click [[ChromeDriver: chrome on windows (156e97f499f63acb9c8762218927ded1)] -> link text: Desktops]
2024-06-25 22:06:454 INFO  HomePage :53 - Click Show AllDesktops from homepage Top menu  [[[ChromeDriver: chrome on windows (156e97f499f63acb9c8762218927ded1)] -> xpath: //nav[@id='menu']//ul/li[contains(@class, 'open')]/div/child::*], [[ChromeDriver: chrome on windows (156e97f499f63acb9c8762218927ded1)] -> xpath: //nav[@id='menu']//ul/li[contains(@class, 'open')]/div/child::*]]
2024-06-25 22:06:479 INFO  DesktopPage :32 - Verify the text ‘Desktops’[[ChromeDriver: chrome on windows (156e97f499f63acb9c8762218927ded1)] -> xpath: //h2[contains(text(),'Desktops')]]
2024-06-25 22:06:387 INFO  HomePage :64 - Mouse hover on laptop And Notebook Tab and click [[ChromeDriver: chrome on windows (03d73e1fceb1ecbbf6d331ea7aefa2eb)] -> link text: Laptops & Notebooks]
2024-06-25 22:06:334 INFO  HomePage :53 - Click Show AllLaptops & Notebooks from homepage Top menu  [[[ChromeDriver: chrome on windows (03d73e1fceb1ecbbf6d331ea7aefa2eb)] -> xpath: //nav[@id='menu']//ul/li[contains(@class, 'open')]/div/child::*], [[ChromeDriver: chrome on windows (03d73e1fceb1ecbbf6d331ea7aefa2eb)] -> xpath: //nav[@id='menu']//ul/li[contains(@class, 'open')]/div/child::*]]
2024-06-25 22:06:355 INFO  LaptopsAndNotebooksPage :34 - Verify the text ‘Laptops & Notebooks’ [[ChromeDriver: chrome on windows (03d73e1fceb1ecbbf6d331ea7aefa2eb)] -> xpath: //h2[contains(text(),'Laptops & Notebooks')]]
2024-06-25 22:06:564 INFO  HomePage :70 - Mouse hover on components Tab and click [[ChromeDriver: chrome on windows (d38bb8bb259c23c459106708c22432b1)] -> link text: Components]
2024-06-25 22:06:579 INFO  HomePage :53 - Click Show AllComponents from homepage Top menu  [[[ChromeDriver: chrome on windows (d38bb8bb259c23c459106708c22432b1)] -> xpath: //nav[@id='menu']//ul/li[contains(@class, 'open')]/div/child::*], [[ChromeDriver: chrome on windows (d38bb8bb259c23c459106708c22432b1)] -> xpath: //nav[@id='menu']//ul/li[contains(@class, 'open')]/div/child::*]]
2024-06-25 22:06:605 INFO  ComponentsPage :18 - Verify the text ‘Components’ [[ChromeDriver: chrome on windows (d38bb8bb259c23c459106708c22432b1)] -> xpath: //h2[contains(text(),'Components')]]
